Starting execution with error handling wrapper...

=== Starting WaveX NFT V2 deployment on Polygon Amoy ===

Environment check:
- ALCHEMY_API_KEY:  Set
- PRIVATE_KEY:  Set
- POLYGONSCAN_API_KEY:  Set

Getting contract factory...
Contract factory obtained

Getting deployer account...
Deploying contracts with account: 0xf383A56057374Ae7cb437D61cc86843855F0DdB5
Account balance: 1.994683498873029612 MATIC

Network information:
- Name: polygonAmoy
- Chain ID: 80002n

Getting fee data...
Fee data: {
  maxFeePerGas: '500000000030',
  maxPriorityFeePerGas: '500000000000',
  gasPrice: '500000000015'
}

Deploying contract...
Deployment options: { gasLimit: 3000000, gasPrice: 500000000015n }
Deployment transaction sent
Waiting for deployment transaction...

Error during deployment:
- Message: transaction execution reverted (action="sendTransaction", data=null, reason=null, invocation=null, revert=null, transaction={ "data": "", "from": "0xf383A56057374Ae7cb437D61cc86843855F0DdB5", "to": null }, receipt={ "_type": "TransactionReceipt", "blobGasPrice": null, "blobGasUsed": null, "blockHash": "0x796a84d52792130f03b4ef99307854f3dd16f21e592faf15ab37160db4a83a1f", "blockNumber": 17810332, "contractAddress": "0xDc1484BE31B1C29Cb6BA8Cb0E912eb3006371293", "cumulativeGasUsed": "3051892", "from": "0xf383A56057374Ae7cb437D61cc86843855F0DdB5", "gasPrice": "500000000015", "gasUsed": "3000000", "hash": "0xabbb5095d47891e638281e4408fbc9e8bcd7ba92df8c8a16c0faa5e43a2384de", "index": 1, "logs": [ { "_type": "log", "address": "0x0000000000000000000000000000000000001010", "blockHash": "0x796a84d52792130f03b4ef99307854f3dd16f21e592faf15ab37160db4a83a1f", "blockNumber": 17810332, "data": "0x00000000000000000000000000000000000000000000000014d1120d7b1600000000000000000000000000000000000000000000000000001bae8a12eda903ec0000000000000000000000000000000000000000000005ced5f4b7ad4118281e00000000000000000000000000000000000000000000000006dd7805729303ec0000000000000000000000000000000000000000000005ceeac5c9babc2e281e", "index": 1, "removed": null, "topics": [ "0x4dfe1bbbcf077ddc3e01291eea2d5c70c2b422b415d95645b9adcfd678cb1d63", "0x0000000000000000000000000000000000000000000000000000000000001010", "0x000000000000000000000000f383a56057374ae7cb437d61cc86843855f0ddb5", "0x00000000000000000000000009207a6efee346cb3e4a54ac18523e3715d38b3f" ], "transactionHash": "0xabbb5095d47891e638281e4408fbc9e8bcd7ba92df8c8a16c0faa5e43a2384de", "transactionIndex": 1 } ], "logsBloom": "0x00000000000000000000000000000000000000000000000000000000000000000000000000000000000000000000000000008000000000000000010000000000000000000000000000000000000000800000000000000000000100000000000000000000000000000000000000000000000000000000000080000000000000000000000000000000000000000000000000004000000000000000000000000000200000000000000000200000004000000000000000000000000000000000004000000000000000000001000000000000000000000000000000100000000000000000000000000000000000410000000000000000000000000000000000100000", "root": null, "status": 0, "to": null }, code=CALL_EXCEPTION, version=6.13.5)
- Stack: Error: transaction execution reverted (action="sendTransaction", data=null, reason=null, invocation=null, revert=null, transaction={ "data": "", "from": "0xf383A56057374Ae7cb437D61cc86843855F0DdB5", "to": null }, receipt={ "_type": "TransactionReceipt", "blobGasPrice": null, "blobGasUsed": null, "blockHash": "0x796a84d52792130f03b4ef99307854f3dd16f21e592faf15ab37160db4a83a1f", "blockNumber": 17810332, "contractAddress": "0xDc1484BE31B1C29Cb6BA8Cb0E912eb3006371293", "cumulativeGasUsed": "3051892", "from": "0xf383A56057374Ae7cb437D61cc86843855F0DdB5", "gasPrice": "500000000015", "gasUsed": "3000000", "hash": "0xabbb5095d47891e638281e4408fbc9e8bcd7ba92df8c8a16c0faa5e43a2384de", "index": 1, "logs": [ { "_type": "log", "address": "0x0000000000000000000000000000000000001010", "blockHash": "0x796a84d52792130f03b4ef99307854f3dd16f21e592faf15ab37160db4a83a1f", "blockNumber": 17810332, "data": "0x00000000000000000000000000000000000000000000000014d1120d7b1600000000000000000000000000000000000000000000000000001bae8a12eda903ec0000000000000000000000000000000000000000000005ced5f4b7ad4118281e00000000000000000000000000000000000000000000000006dd7805729303ec0000000000000000000000000000000000000000000005ceeac5c9babc2e281e", "index": 1, "removed": null, "topics": [ "0x4dfe1bbbcf077ddc3e01291eea2d5c70c2b422b415d95645b9adcfd678cb1d63", "0x0000000000000000000000000000000000000000000000000000000000001010", "0x000000000000000000000000f383a56057374ae7cb437d61cc86843855f0ddb5", "0x00000000000000000000000009207a6efee346cb3e4a54ac18523e3715d38b3f" ], "transactionHash": "0xabbb5095d47891e638281e4408fbc9e8bcd7ba92df8c8a16c0faa5e43a2384de", "transactionIndex": 1 } ], "logsBloom": "0x00000000000000000000000000000000000000000000000000000000000000000000000000000000000000000000000000008000000000000000010000000000000000000000000000000000000000800000000000000000000100000000000000000000000000000000000000000000000000000000000080000000000000000000000000000000000000000000000000004000000000000000000000000000200000000000000000200000004000000000000000000000000000000000004000000000000000000001000000000000000000000000000000100000000000000000000000000000000000410000000000000000000000000000000000100000", "root": null, "status": 0, "to": null }, code=CALL_EXCEPTION, version=6.13.5)
    at makeError (C:\Users\OHG\Documents\wavex-nft\V2\node_modules\ethers\src.ts\utils\errors.ts:694:21)
    at assert (C:\Users\OHG\Documents\wavex-nft\V2\node_modules\ethers\src.ts\utils\errors.ts:715:25)
    at checkReceipt (C:\Users\OHG\Documents\wavex-nft\V2\node_modules\ethers\src.ts\providers\provider.ts:1585:19)
    at txListener (C:\Users\OHG\Documents\wavex-nft\V2\node_modules\ethers\src.ts\providers\provider.ts:1635:33)
    at processTicksAndRejections (node:internal/process/task_queues:95:5)
- Code: CALL_EXCEPTION
Error in wrapper: Error: transaction execution reverted (action="sendTransaction", data=null, reason=null, invocation=null, revert=null, transaction={ "data": "", "from": "0xf383A56057374Ae7cb437D61cc86843855F0DdB5", "to": null }, receipt={ "_type": "TransactionReceipt", "blobGasPrice": null, "blobGasUsed": null, "blockHash": "0x796a84d52792130f03b4ef99307854f3dd16f21e592faf15ab37160db4a83a1f", "blockNumber": 17810332, "contractAddress": "0xDc1484BE31B1C29Cb6BA8Cb0E912eb3006371293", "cumulativeGasUsed": "3051892", "from": "0xf383A56057374Ae7cb437D61cc86843855F0DdB5", "gasPrice": "500000000015", "gasUsed": "3000000", "hash": "0xabbb5095d47891e638281e4408fbc9e8bcd7ba92df8c8a16c0faa5e43a2384de", "index": 1, "logs": [ { "_type": "log", "address": "0x0000000000000000000000000000000000001010", "blockHash": "0x796a84d52792130f03b4ef99307854f3dd16f21e592faf15ab37160db4a83a1f", "blockNumber": 17810332, "data": "0x00000000000000000000000000000000000000000000000014d1120d7b1600000000000000000000000000000000000000000000000000001bae8a12eda903ec0000000000000000000000000000000000000000000005ced5f4b7ad4118281e00000000000000000000000000000000000000000000000006dd7805729303ec0000000000000000000000000000000000000000000005ceeac5c9babc2e281e", "index": 1, "removed": null, "topics": [ "0x4dfe1bbbcf077ddc3e01291eea2d5c70c2b422b415d95645b9adcfd678cb1d63", "0x0000000000000000000000000000000000000000000000000000000000001010", "0x000000000000000000000000f383a56057374ae7cb437d61cc86843855f0ddb5", "0x00000000000000000000000009207a6efee346cb3e4a54ac18523e3715d38b3f" ], "transactionHash": "0xabbb5095d47891e638281e4408fbc9e8bcd7ba92df8c8a16c0faa5e43a2384de", "transactionIndex": 1 } ], "logsBloom": "0x00000000000000000000000000000000000000000000000000000000000000000000000000000000000000000000000000008000000000000000010000000000000000000000000000000000000000800000000000000000000100000000000000000000000000000000000000000000000000000000000080000000000000000000000000000000000000000000000000004000000000000000000000000000200000000000000000200000004000000000000000000000000000000000004000000000000000000001000000000000000000000000000000100000000000000000000000000000000000410000000000000000000000000000000000100000", "root": null, "status": 0, "to": null }, code=CALL_EXCEPTION, version=6.13.5)
    at makeError (C:\Users\OHG\Documents\wavex-nft\V2\node_modules\ethers\src.ts\utils\errors.ts:694:21)
    at assert (C:\Users\OHG\Documents\wavex-nft\V2\node_modules\ethers\src.ts\utils\errors.ts:715:25)
    at checkReceipt (C:\Users\OHG\Documents\wavex-nft\V2\node_modules\ethers\src.ts\providers\provider.ts:1585:19)
    at txListener (C:\Users\OHG\Documents\wavex-nft\V2\node_modules\ethers\src.ts\providers\provider.ts:1635:33)
    at processTicksAndRejections (node:internal/process/task_queues:95:5) {
  code: 'CALL_EXCEPTION',
  action: 'sendTransaction',
  data: null,
  reason: null,
  invocation: null,
  revert: null,
  transaction: {
    to: null,
    from: '0xf383A56057374Ae7cb437D61cc86843855F0DdB5',
    data: ''
  },
  receipt: TransactionReceipt {
    provider: HardhatEthersProvider {
      _hardhatProvider: [LazyInitializationProviderAdapter],
      _networkName: 'polygonAmoy',
      _blockListeners: [],
      _transactionHashListeners: Map(0) {},
      _eventListeners: [],
      _isHardhatNetworkCached: false,
      _transactionHashPollingTimeout: undefined
    },
    to: null,
    from: '0xf383A56057374Ae7cb437D61cc86843855F0DdB5',
    contractAddress: '0xDc1484BE31B1C29Cb6BA8Cb0E912eb3006371293',
    hash: '0xabbb5095d47891e638281e4408fbc9e8bcd7ba92df8c8a16c0faa5e43a2384de',
    index: 1,
    blockHash: '0x796a84d52792130f03b4ef99307854f3dd16f21e592faf15ab37160db4a83a1f',
    blockNumber: 17810332,
    logsBloom: '0x00000000000000000000000000000000000000000000000000000000000000000000000000000000000000000000000000008000000000000000010000000000000000000000000000000000000000800000000000000000000100000000000000000000000000000000000000000000000000000000000080000000000000000000000000000000000000000000000000004000000000000000000000000000200000000000000000200000004000000000000000000000000000000000004000000000000000000001000000000000000000000000000000100000000000000000000000000000000000410000000000000000000000000000000000100000',
    gasUsed: 3000000n,
    blobGasUsed: undefined,
    cumulativeGasUsed: 3051892n,
    gasPrice: 500000000015n,
    blobGasPrice: undefined,
    type: 0,
    status: 0,
    root: undefined
  },
  shortMessage: 'transaction execution reverted'
}
